2026-06-29 00:06:39.832 [http-nio-8080-exec-1] INFO  o.a.c.c.C.[Tomcat].[localhost].[/] - Initializing Spring DispatcherServlet 'dispatcherServlet'
2026-06-29 00:06:39.836 [http-nio-8080-exec-1] INFO  o.s.web.servlet.DispatcherServlet - Initializing Servlet 'dispatcherServlet'
2026-06-29 00:06:39.842 [http-nio-8080-exec-1] INFO  o.s.web.servlet.DispatcherServlet - Completed initialization in 2 ms
2026-06-29 00:06:40.449 [http-nio-8080-exec-8] INFO  o.s.api.AbstractOpenApiResource - Init duration for springdoc-openapi is: 388 ms
2026-06-29 00:08:28.749 [http-nio-8080-exec-7] INFO  c.r.r.controller.RewardsController - Received request to fetch rewards for all customers
2026-06-29 00:08:28.751 [task-1] INFO  c.r.rewards.service.RewardsService - Starting rewards calculation for all customers. Rolling window: 3 months
2026-06-29 00:08:29.096 [task-1] DEBUG c.r.rewards.service.RewardsService - Filtering purchases with cutoff date: 2026-04-01
2026-06-29 00:08:29.096 [task-1] INFO  c.r.r.s.RewardPointsCalculator - calculateRewardPoints...
2026-06-29 00:08:29.096 [task-1] INFO  c.r.r.s.RewardPointsCalculator - calculatePointsForHighThreshold...
2026-06-29 00:08:29.096 [task-1] INFO  c.r.r.s.RewardPointsCalculator - calculatePointsForRange...
2026-06-29 00:08:29.102 [task-1] DEBUG c.r.r.s.RewardPointsCalculator - Calculated 90 points for purchase amount: $120.0
2026-06-29 00:08:29.102 [task-1] INFO  c.r.r.s.RewardPointsCalculator - calculateRewardPoints...
2026-06-29 00:08:29.102 [task-1] INFO  c.r.r.s.RewardPointsCalculator - calculatePointsForHighThreshold...
2026-06-29 00:08:29.102 [task-1] INFO  c.r.r.s.RewardPointsCalculator - calculatePointsForRange...
2026-06-29 00:08:29.102 [task-1] DEBUG c.r.r.s.RewardPointsCalculator - Calculated 0 points for purchase amount: $50.0
2026-06-29 00:08:29.102 [task-1] INFO  c.r.r.s.RewardPointsCalculator - calculateRewardPoints...
2026-06-29 00:08:29.102 [task-1] INFO  c.r.r.s.RewardPointsCalculator - calculatePointsForHighThreshold...
2026-06-29 00:08:29.102 [task-1] INFO  c.r.r.s.RewardPointsCalculator - calculatePointsForRange...
2026-06-29 00:08:29.102 [task-1] DEBUG c.r.r.s.RewardPointsCalculator - Calculated 25 points for purchase amount: $75.0
2026-06-29 00:08:29.102 [task-1] INFO  c.r.r.s.RewardPointsCalculator - calculateRewardPoints...
2026-06-29 00:08:29.102 [task-1] INFO  c.r.r.s.RewardPointsCalculator - calculatePointsForHighThreshold...
2026-06-29 00:08:29.102 [task-1] INFO  c.r.r.s.RewardPointsCalculator - calculatePointsForRange...
2026-06-29 00:08:29.102 [task-1] DEBUG c.r.r.s.RewardPointsCalculator - Calculated 40 points for purchase amount: $90.0
2026-06-29 00:08:29.102 [task-1] INFO  c.r.r.s.RewardPointsCalculator - calculateRewardPoints...
2026-06-29 00:08:29.102 [task-1] INFO  c.r.r.s.RewardPointsCalculator - calculatePointsForHighThreshold...
2026-06-29 00:08:29.102 [task-1] INFO  c.r.r.s.RewardPointsCalculator - calculatePointsForRange...
2026-06-29 00:08:29.102 [task-1] DEBUG c.r.r.s.RewardPointsCalculator - Calculated 70 points for purchase amount: $110.0
2026-06-29 00:08:29.102 [task-1] INFO  c.r.r.s.RewardPointsCalculator - calculateRewardPoints...
2026-06-29 00:08:29.102 [task-1] INFO  c.r.r.s.RewardPointsCalculator - calculatePointsForHighThreshold...
2026-06-29 00:08:29.102 [task-1] INFO  c.r.r.s.RewardPointsCalculator - calculatePointsForRange...
2026-06-29 00:08:29.102 [task-1] DEBUG c.r.r.s.RewardPointsCalculator - Calculated 25 points for purchase amount: $75.0
2026-06-29 00:08:29.102 [task-1] INFO  c.r.r.s.RewardPointsCalculator - calculateRewardPoints...
2026-06-29 00:08:29.102 [task-1] INFO  c.r.r.s.RewardPointsCalculator - calculatePointsForHighThreshold...
2026-06-29 00:08:29.102 [task-1] INFO  c.r.r.s.RewardPointsCalculator - calculatePointsForRange...
2026-06-29 00:08:29.102 [task-1] DEBUG c.r.r.s.RewardPointsCalculator - Calculated 0 points for purchase amount: $45.0
2026-06-29 00:08:29.102 [task-1] INFO  c.r.r.s.RewardPointsCalculator - calculateRewardPoints...
2026-06-29 00:08:29.102 [task-1] INFO  c.r.r.s.RewardPointsCalculator - calculatePointsForHighThreshold...
2026-06-29 00:08:29.102 [task-1] INFO  c.r.r.s.RewardPointsCalculator - calculatePointsForRange...
2026-06-29 00:08:29.102 [task-1] DEBUG c.r.r.s.RewardPointsCalculator - Calculated 0 points for purchase amount: $20.0
2026-06-29 00:08:29.104 [task-1] INFO  c.r.r.s.RewardPointsCalculator - calculateRewardPoints...
2026-06-29 00:08:29.104 [task-1] INFO  c.r.r.s.RewardPointsCalculator - calculatePointsForHighThreshold...
2026-06-29 00:08:29.104 [task-1] INFO  c.r.r.s.RewardPointsCalculator - calculatePointsForRange...
2026-06-29 00:08:29.104 [task-1] DEBUG c.r.r.s.RewardPointsCalculator - Calculated 0 points for purchase amount: $50.0
2026-06-29 00:08:29.106 [task-1] INFO  c.r.rewards.service.RewardsService - Successfully generated reward reports for 5 customers. Triggering async DB save.
2026-06-29 00:08:29.106 [task-1] INFO  c.r.rewards.service.RewardsService - Async DB save operation started for 5 records
2026-06-29 00:08:29.164 [task-1] DEBUG c.r.rewards.service.RewardsService - Saved/Updated reward records for customer ID: 104
2026-06-29 00:08:29.164 [task-1] DEBUG c.r.rewards.service.RewardsService - Saved/Updated reward records for customer ID: 103
2026-06-29 00:08:29.164 [task-1] DEBUG c.r.rewards.service.RewardsService - Saved/Updated reward records for customer ID: 101
2026-06-29 00:08:29.174 [task-1] DEBUG c.r.rewards.service.RewardsService - Saved/Updated reward records for customer ID: 102
2026-06-29 00:08:29.180 [task-1] DEBUG c.r.rewards.service.RewardsService - Saved/Updated reward records for customer ID: 105
2026-06-29 00:08:29.184 [task-1] INFO  c.r.rewards.service.RewardsService - Async DB persistence completed successfully.
2026-06-29 00:09:21.829 [http-nio-8080-exec-4] INFO  c.r.r.controller.RewardsController - Received request to fetch rewards for customer: 103
2026-06-29 00:09:21.829 [task-2] INFO  c.r.rewards.service.RewardsService - Starting rewards calculation for customer ID: 103. Window: 3 months
2026-06-29 00:09:22.293 [task-2] INFO  c.r.r.s.RewardPointsCalculator - calculateRewardPoints...
2026-06-29 00:09:22.293 [task-2] INFO  c.r.r.s.RewardPointsCalculator - calculatePointsForHighThreshold...
2026-06-29 00:09:22.293 [task-2] INFO  c.r.r.s.RewardPointsCalculator - calculatePointsForRange...
2026-06-29 00:09:22.296 [task-2] DEBUG c.r.r.s.RewardPointsCalculator - Calculated 70 points for purchase amount: $110.0
2026-06-29 00:09:22.296 [task-2] INFO  c.r.r.s.RewardPointsCalculator - calculateRewardPoints...
2026-06-29 00:09:22.296 [task-2] INFO  c.r.r.s.RewardPointsCalculator - calculatePointsForHighThreshold...
2026-06-29 00:09:22.296 [task-2] INFO  c.r.r.s.RewardPointsCalculator - calculatePointsForRange...
2026-06-29 00:09:22.296 [task-2] DEBUG c.r.r.s.RewardPointsCalculator - Calculated 25 points for purchase amount: $75.0
2026-06-29 00:09:22.296 [task-2] INFO  c.r.rewards.service.RewardsService - Async DB save operation started for 1 records
2026-06-29 00:09:22.301 [task-2] DEBUG c.r.rewards.service.RewardsService - Saved/Updated reward records for customer ID: 103
2026-06-29 00:09:22.301 [task-2] INFO  c.r.rewards.service.RewardsService - Async DB persistence completed successfully.
2026-06-29 00:13:15.573 [http-nio-8080-exec-6] INFO  c.r.r.controller.RewardsController - Received request to fetch rewards for all customers
2026-06-29 00:13:15.573 [task-3] INFO  c.r.rewards.service.RewardsService - Starting rewards calculation for all customers. Rolling window: 3 months
2026-06-29 00:13:15.587 [task-3] DEBUG c.r.rewards.service.RewardsService - Filtering purchases with cutoff date: 2026-04-01
2026-06-29 00:13:15.589 [task-3] INFO  c.r.r.s.RewardPointsCalculator - calculateRewardPoints...
2026-06-29 00:13:15.589 [task-3] INFO  c.r.r.s.RewardPointsCalculator - calculatePointsForHighThreshold...
2026-06-29 00:13:15.589 [task-3] INFO  c.r.r.s.RewardPointsCalculator - calculatePointsForRange...
2026-06-29 00:13:15.589 [task-3] DEBUG c.r.r.s.RewardPointsCalculator - Calculated 90 points for purchase amount: $120.0
2026-06-29 00:13:15.589 [task-3] INFO  c.r.r.s.RewardPointsCalculator - calculateRewardPoints...
2026-06-29 00:13:15.589 [task-3] INFO  c.r.r.s.RewardPointsCalculator - calculatePointsForHighThreshold...
2026-06-29 00:13:15.589 [task-3] INFO  c.r.r.s.RewardPointsCalculator - calculatePointsForRange...
2026-06-29 00:13:15.589 [task-3] DEBUG c.r.r.s.RewardPointsCalculator - Calculated 0 points for purchase amount: $50.0
2026-06-29 00:13:15.589 [task-3] INFO  c.r.r.s.RewardPointsCalculator - calculateRewardPoints...
2026-06-29 00:13:15.589 [task-3] INFO  c.r.r.s.RewardPointsCalculator - calculatePointsForHighThreshold...
2026-06-29 00:13:15.589 [task-3] INFO  c.r.r.s.RewardPointsCalculator - calculatePointsForRange...
2026-06-29 00:13:15.590 [task-3] DEBUG c.r.r.s.RewardPointsCalculator - Calculated 25 points for purchase amount: $75.0
2026-06-29 00:13:15.590 [task-3] INFO  c.r.r.s.RewardPointsCalculator - calculateRewardPoints...
2026-06-29 00:13:15.590 [task-3] INFO  c.r.r.s.RewardPointsCalculator - calculatePointsForHighThreshold...
2026-06-29 00:13:15.590 [task-3] INFO  c.r.r.s.RewardPointsCalculator - calculatePointsForRange...
2026-06-29 00:13:15.590 [task-3] DEBUG c.r.r.s.RewardPointsCalculator - Calculated 40 points for purchase amount: $90.0
2026-06-29 00:13:15.590 [task-3] INFO  c.r.r.s.RewardPointsCalculator - calculateRewardPoints...
2026-06-29 00:13:15.590 [task-3] INFO  c.r.r.s.RewardPointsCalculator - calculatePointsForHighThreshold...
2026-06-29 00:13:15.590 [task-3] INFO  c.r.r.s.RewardPointsCalculator - calculatePointsForRange...
2026-06-29 00:13:15.590 [task-3] DEBUG c.r.r.s.RewardPointsCalculator - Calculated 70 points for purchase amount: $110.0
2026-06-29 00:13:15.590 [task-3] INFO  c.r.r.s.RewardPointsCalculator - calculateRewardPoints...
2026-06-29 00:13:15.590 [task-3] INFO  c.r.r.s.RewardPointsCalculator - calculatePointsForHighThreshold...
2026-06-29 00:13:15.590 [task-3] INFO  c.r.r.s.RewardPointsCalculator - calculatePointsForRange...
2026-06-29 00:13:15.590 [task-3] DEBUG c.r.r.s.RewardPointsCalculator - Calculated 25 points for purchase amount: $75.0
2026-06-29 00:13:15.590 [task-3] INFO  c.r.r.s.RewardPointsCalculator - calculateRewardPoints...
2026-06-29 00:13:15.590 [task-3] INFO  c.r.r.s.RewardPointsCalculator - calculatePointsForHighThreshold...
2026-06-29 00:13:15.590 [task-3] INFO  c.r.r.s.RewardPointsCalculator - calculatePointsForRange...
2026-06-29 00:13:15.590 [task-3] DEBUG c.r.r.s.RewardPointsCalculator - Calculated 0 points for purchase amount: $45.0
2026-06-29 00:13:15.590 [task-3] INFO  c.r.r.s.RewardPointsCalculator - calculateRewardPoints...
2026-06-29 00:13:15.593 [task-3] INFO  c.r.r.s.RewardPointsCalculator - calculatePointsForHighThreshold...
2026-06-29 00:13:15.593 [task-3] INFO  c.r.r.s.RewardPointsCalculator - calculatePointsForRange...
2026-06-29 00:13:15.593 [task-3] DEBUG c.r.r.s.RewardPointsCalculator - Calculated 0 points for purchase amount: $20.0
2026-06-29 00:13:15.593 [task-3] INFO  c.r.r.s.RewardPointsCalculator - calculateRewardPoints...
2026-06-29 00:13:15.593 [task-3] INFO  c.r.r.s.RewardPointsCalculator - calculatePointsForHighThreshold...
2026-06-29 00:13:15.593 [task-3] INFO  c.r.r.s.RewardPointsCalculator - calculatePointsForRange...
2026-06-29 00:13:15.593 [task-3] DEBUG c.r.r.s.RewardPointsCalculator - Calculated 0 points for purchase amount: $50.0
2026-06-29 00:13:15.593 [task-3] INFO  c.r.rewards.service.RewardsService - Successfully generated reward reports for 5 customers. Triggering async DB save.
2026-06-29 00:13:15.593 [task-3] INFO  c.r.rewards.service.RewardsService - Async DB save operation started for 5 records
2026-06-29 00:13:15.595 [task-3] DEBUG c.r.rewards.service.RewardsService - Saved/Updated reward records for customer ID: 104
2026-06-29 00:13:15.605 [task-3] DEBUG c.r.rewards.service.RewardsService - Saved/Updated reward records for customer ID: 103
2026-06-29 00:13:15.606 [task-3] DEBUG c.r.rewards.service.RewardsService - Saved/Updated reward records for customer ID: 101
2026-06-29 00:13:15.615 [task-3] DEBUG c.r.rewards.service.RewardsService - Saved/Updated reward records for customer ID: 102
2026-06-29 00:13:15.615 [task-3] DEBUG c.r.rewards.service.RewardsService - Saved/Updated reward records for customer ID: 105
2026-06-29 00:13:15.615 [task-3] INFO  c.r.rewards.service.RewardsService - Async DB persistence completed successfully.
2026-06-29 00:15:50.570 [http-nio-8080-exec-3] INFO  c.r.r.controller.RewardsController - Received request to fetch rewards for customer: 101
2026-06-29 00:15:50.572 [task-4] INFO  c.r.rewards.service.RewardsService - Starting rewards calculation for customer ID: 101. Window: 3 months
2026-06-29 00:15:50.577 [task-4] INFO  c.r.r.s.RewardPointsCalculator - calculateRewardPoints...
2026-06-29 00:15:50.577 [task-4] INFO  c.r.r.s.RewardPointsCalculator - calculatePointsForHighThreshold...
2026-06-29 00:15:50.577 [task-4] INFO  c.r.r.s.RewardPointsCalculator - calculatePointsForRange...
2026-06-29 00:15:50.577 [task-4] DEBUG c.r.r.s.RewardPointsCalculator - Calculated 90 points for purchase amount: $120.0
2026-06-29 00:15:50.577 [task-4] INFO  c.r.r.s.RewardPointsCalculator - calculateRewardPoints...
2026-06-29 00:15:50.577 [task-4] INFO  c.r.r.s.RewardPointsCalculator - calculatePointsForHighThreshold...
2026-06-29 00:15:50.577 [task-4] INFO  c.r.r.s.RewardPointsCalculator - calculatePointsForRange...
2026-06-29 00:15:50.577 [task-4] DEBUG c.r.r.s.RewardPointsCalculator - Calculated 0 points for purchase amount: $50.0
2026-06-29 00:15:50.579 [task-4] INFO  c.r.rewards.service.RewardsService - Async DB save operation started for 1 records
2026-06-29 00:15:50.584 [task-4] DEBUG c.r.rewards.service.RewardsService - Saved/Updated reward records for customer ID: 101
2026-06-29 00:15:50.586 [task-4] INFO  c.r.rewards.service.RewardsService - Async DB persistence completed successfully.
2026-06-29 00:15:52.075 [http-nio-8080-exec-7] INFO  c.r.r.controller.RewardsController - Received request to fetch rewards for customer: 101
2026-06-29 00:15:52.075 [task-5] INFO  c.r.rewards.service.RewardsService - Starting rewards calculation for customer ID: 101. Window: 3 months
2026-06-29 00:15:52.077 [task-5] INFO  c.r.r.s.RewardPointsCalculator - calculateRewardPoints...
2026-06-29 00:15:52.079 [task-5] INFO  c.r.r.s.RewardPointsCalculator - calculatePointsForHighThreshold...
2026-06-29 00:15:52.079 [task-5] INFO  c.r.r.s.RewardPointsCalculator - calculatePointsForRange...
2026-06-29 00:15:52.079 [task-5] DEBUG c.r.r.s.RewardPointsCalculator - Calculated 90 points for purchase amount: $120.0
2026-06-29 00:15:52.079 [task-5] INFO  c.r.r.s.RewardPointsCalculator - calculateRewardPoints...
2026-06-29 00:15:52.079 [task-5] INFO  c.r.r.s.RewardPointsCalculator - calculatePointsForHighThreshold...
2026-06-29 00:15:52.079 [task-5] INFO  c.r.r.s.RewardPointsCalculator - calculatePointsForRange...
2026-06-29 00:15:52.079 [task-5] DEBUG c.r.r.s.RewardPointsCalculator - Calculated 0 points for purchase amount: $50.0
2026-06-29 00:15:52.079 [task-5] INFO  c.r.rewards.service.RewardsService - Async DB save operation started for 1 records
2026-06-29 00:15:52.086 [task-5] DEBUG c.r.rewards.service.RewardsService - Saved/Updated reward records for customer ID: 101
2026-06-29 00:15:52.086 [task-5] INFO  c.r.rewards.service.RewardsService - Async DB persistence completed successfully.
2026-06-29 01:05:07.766 [http-nio-8080-exec-5] INFO  c.r.r.controller.RewardsController - Received request to fetch rewards for customer: 105
2026-06-29 01:05:07.783 [task-6] INFO  c.r.rewards.service.RewardsService - Starting rewards calculation for customer ID: 105. Window: 3 months
2026-06-29 01:05:07.832 [task-6] INFO  c.r.r.s.RewardPointsCalculator - calculateRewardPoints...
2026-06-29 01:05:07.832 [task-6] INFO  c.r.r.s.RewardPointsCalculator - calculatePointsForHighThreshold...
2026-06-29 01:05:07.832 [task-6] INFO  c.r.r.s.RewardPointsCalculator - calculatePointsForRange...
2026-06-29 01:05:07.832 [task-6] DEBUG c.r.r.s.RewardPointsCalculator - Calculated 0 points for purchase amount: $50.0
2026-06-29 01:05:07.832 [task-6] INFO  c.r.rewards.service.RewardsService - Async DB save operation started for 1 records
2026-06-29 01:05:07.851 [task-6] DEBUG c.r.rewards.service.RewardsService - Saved/Updated reward records for customer ID: 105
2026-06-29 01:05:07.851 [task-6] INFO  c.r.rewards.service.RewardsService - Async DB persistence completed successfully.
2026-06-29 01:05:29.718 [http-nio-8080-exec-6] INFO  c.r.r.controller.RewardsController - Received request to fetch rewards for customer: 101
2026-06-29 01:05:29.718 [task-7] INFO  c.r.rewards.service.RewardsService - Starting rewards calculation for customer ID: 101. Window: 3 months
2026-06-29 01:05:29.728 [task-7] INFO  c.r.r.s.RewardPointsCalculator - calculateRewardPoints...
2026-06-29 01:05:29.729 [task-7] INFO  c.r.r.s.RewardPointsCalculator - calculatePointsForHighThreshold...
2026-06-29 01:05:29.729 [task-7] INFO  c.r.r.s.RewardPointsCalculator - calculatePointsForRange...
2026-06-29 01:05:29.729 [task-7] DEBUG c.r.r.s.RewardPointsCalculator - Calculated 90 points for purchase amount: $120.0
2026-06-29 01:05:29.729 [task-7] INFO  c.r.r.s.RewardPointsCalculator - calculateRewardPoints...
2026-06-29 01:05:29.729 [task-7] INFO  c.r.r.s.RewardPointsCalculator - calculatePointsForHighThreshold...
2026-06-29 01:05:29.729 [task-7] INFO  c.r.r.s.RewardPointsCalculator - calculatePointsForRange...
2026-06-29 01:05:29.729 [task-7] DEBUG c.r.r.s.RewardPointsCalculator - Calculated 0 points for purchase amount: $50.0
2026-06-29 01:05:29.729 [task-7] INFO  c.r.rewards.service.RewardsService - Async DB save operation started for 1 records
2026-06-29 01:05:29.733 [task-7] DEBUG c.r.rewards.service.RewardsService - Saved/Updated reward records for customer ID: 101
2026-06-29 01:05:29.734 [task-7] INFO  c.r.rewards.service.RewardsService - Async DB persistence completed successfully.
2026-06-29 01:06:12.132 [http-nio-8080-exec-3] INFO  c.r.r.controller.RewardsController - Received request to fetch rewards for all customers
2026-06-29 01:06:12.134 [task-8] INFO  c.r.rewards.service.RewardsService - Starting rewards calculation for all customers. Rolling window: 3 months
2026-06-29 01:06:12.159 [task-8] DEBUG c.r.rewards.service.RewardsService - Filtering purchases with cutoff date: 2026-04-01
2026-06-29 01:06:12.159 [task-8] INFO  c.r.r.s.RewardPointsCalculator - calculateRewardPoints...
2026-06-29 01:06:12.159 [task-8] INFO  c.r.r.s.RewardPointsCalculator - calculatePointsForHighThreshold...
2026-06-29 01:06:12.159 [task-8] INFO  c.r.r.s.RewardPointsCalculator - calculatePointsForRange...
2026-06-29 01:06:12.159 [task-8] DEBUG c.r.r.s.RewardPointsCalculator - Calculated 90 points for purchase amount: $120.0
2026-06-29 01:06:12.159 [task-8] INFO  c.r.r.s.RewardPointsCalculator - calculateRewardPoints...
2026-06-29 01:06:12.159 [task-8] INFO  c.r.r.s.RewardPointsCalculator - calculatePointsForHighThreshold...
2026-06-29 01:06:12.161 [task-8] INFO  c.r.r.s.RewardPointsCalculator - calculatePointsForRange...
2026-06-29 01:06:12.161 [task-8] DEBUG c.r.r.s.RewardPointsCalculator - Calculated 0 points for purchase amount: $50.0
2026-06-29 01:06:12.161 [task-8] INFO  c.r.r.s.RewardPointsCalculator - calculateRewardPoints...
2026-06-29 01:06:12.161 [task-8] INFO  c.r.r.s.RewardPointsCalculator - calculatePointsForHighThreshold...
2026-06-29 01:06:12.161 [task-8] INFO  c.r.r.s.RewardPointsCalculator - calculatePointsForRange...
2026-06-29 01:06:12.161 [task-8] DEBUG c.r.r.s.RewardPointsCalculator - Calculated 25 points for purchase amount: $75.0
2026-06-29 01:06:12.161 [task-8] INFO  c.r.r.s.RewardPointsCalculator - calculateRewardPoints...
2026-06-29 01:06:12.161 [task-8] INFO  c.r.r.s.RewardPointsCalculator - calculatePointsForHighThreshold...
2026-06-29 01:06:12.162 [task-8] INFO  c.r.r.s.RewardPointsCalculator - calculatePointsForRange...
2026-06-29 01:06:12.162 [task-8] DEBUG c.r.r.s.RewardPointsCalculator - Calculated 40 points for purchase amount: $90.0
2026-06-29 01:06:12.162 [task-8] INFO  c.r.r.s.RewardPointsCalculator - calculateRewardPoints...
2026-06-29 01:06:12.162 [task-8] INFO  c.r.r.s.RewardPointsCalculator - calculatePointsForHighThreshold...
2026-06-29 01:06:12.162 [task-8] INFO  c.r.r.s.RewardPointsCalculator - calculatePointsForRange...
2026-06-29 01:06:12.162 [task-8] DEBUG c.r.r.s.RewardPointsCalculator - Calculated 70 points for purchase amount: $110.0
2026-06-29 01:06:12.162 [task-8] INFO  c.r.r.s.RewardPointsCalculator - calculateRewardPoints...
2026-06-29 01:06:12.162 [task-8] INFO  c.r.r.s.RewardPointsCalculator - calculatePointsForHighThreshold...
2026-06-29 01:06:12.162 [task-8] INFO  c.r.r.s.RewardPointsCalculator - calculatePointsForRange...
2026-06-29 01:06:12.162 [task-8] DEBUG c.r.r.s.RewardPointsCalculator - Calculated 25 points for purchase amount: $75.0
2026-06-29 01:06:12.162 [task-8] INFO  c.r.r.s.RewardPointsCalculator - calculateRewardPoints...
2026-06-29 01:06:12.162 [task-8] INFO  c.r.r.s.RewardPointsCalculator - calculatePointsForHighThreshold...
2026-06-29 01:06:12.162 [task-8] INFO  c.r.r.s.RewardPointsCalculator - calculatePointsForRange...
2026-06-29 01:06:12.162 [task-8] DEBUG c.r.r.s.RewardPointsCalculator - Calculated 0 points for purchase amount: $45.0
2026-06-29 01:06:12.162 [task-8] INFO  c.r.r.s.RewardPointsCalculator - calculateRewardPoints...
2026-06-29 01:06:12.162 [task-8] INFO  c.r.r.s.RewardPointsCalculator - calculatePointsForHighThreshold...
2026-06-29 01:06:12.162 [task-8] INFO  c.r.r.s.RewardPointsCalculator - calculatePointsForRange...
2026-06-29 01:06:12.162 [task-8] DEBUG c.r.r.s.RewardPointsCalculator - Calculated 0 points for purchase amount: $20.0
2026-06-29 01:06:12.162 [task-8] INFO  c.r.r.s.RewardPointsCalculator - calculateRewardPoints...
2026-06-29 01:06:12.162 [task-8] INFO  c.r.r.s.RewardPointsCalculator - calculatePointsForHighThreshold...
2026-06-29 01:06:12.162 [task-8] INFO  c.r.r.s.RewardPointsCalculator - calculatePointsForRange...
2026-06-29 01:06:12.162 [task-8] DEBUG c.r.r.s.RewardPointsCalculator - Calculated 0 points for purchase amount: $50.0
2026-06-29 01:06:12.164 [task-8] INFO  c.r.rewards.service.RewardsService - Successfully generated reward reports for 5 customers. Triggering async DB save.
2026-06-29 01:06:12.164 [task-8] INFO  c.r.rewards.service.RewardsService - Async DB save operation started for 5 records
2026-06-29 01:06:12.169 [task-8] DEBUG c.r.rewards.service.RewardsService - Saved/Updated reward records for customer ID: 104
2026-06-29 01:06:12.171 [task-8] DEBUG c.r.rewards.service.RewardsService - Saved/Updated reward records for customer ID: 103
2026-06-29 01:06:12.174 [task-8] DEBUG c.r.rewards.service.RewardsService - Saved/Updated reward records for customer ID: 101
2026-06-29 01:06:12.178 [task-8] DEBUG c.r.rewards.service.RewardsService - Saved/Updated reward records for customer ID: 102
2026-06-29 01:06:12.182 [task-8] DEBUG c.r.rewards.service.RewardsService - Saved/Updated reward records for customer ID: 105
2026-06-29 01:06:12.182 [task-8] INFO  c.r.rewards.service.RewardsService - Async DB persistence completed successfully.
2026-06-29 01:08:50.672 [http-nio-8080-exec-9] INFO  c.r.r.controller.RewardsController - Received request to fetch rewards for customer: Err
2026-06-29 01:08:50.672 [task-9] INFO  c.r.rewards.service.RewardsService - Starting rewards calculation for customer ID: Err. Window: 3 months
2026-06-29 01:08:50.678 [task-9] ERROR c.r.rewards.service.RewardsService - Error while calculating rewards for customer Err: For input string: "Err"
java.lang.NumberFormatException: For input string: "Err"
	at java.base/java.lang.NumberFormatException.forInputString(NumberFormatException.java:67)
	at java.base/java.lang.Long.parseLong(Long.java:709)
	at java.base/java.lang.Long.valueOf(Long.java:1157)
	at com.retail.rewards.service.RewardsService.getRewardsForCustomer(RewardsService.java:106)
	at java.base/jdk.internal.reflect.DirectMethodHandleAccessor.invoke(DirectMethodHandleAccessor.java:103)
	at java.base/java.lang.reflect.Method.invoke(Method.java:580)
	at org.springframework.aop.support.AopUtils.invokeJoinpointUsingReflection(AopUtils.java:359)
	at org.springframework.aop.framework.ReflectiveMethodInvocation.invokeJoinpoint(ReflectiveMethodInvocation.java:190)
	at org.springframework.aop.framework.ReflectiveMethodInvocation.proceed(ReflectiveMethodInvocation.java:158)
	at org.springframework.aop.interceptor.AsyncExecutionInterceptor.lambda$invoke$0(AsyncExecutionInterceptor.java:112)
	at org.springframework.util.concurrent.FutureUtils.lambda$toSupplier$0(FutureUtils.java:74)
	at java.base/java.util.concurrent.CompletableFuture$AsyncSupply.run(CompletableFuture.java:1768)
	at java.base/java.util.concurrent.ThreadPoolExecutor.runWorker(ThreadPoolExecutor.java:1144)
	at java.base/java.util.concurrent.ThreadPoolExecutor$Worker.run(ThreadPoolExecutor.java:642)
	at java.base/java.lang.Thread.run(Thread.java:1583)
2026-06-29 01:09:33.023 [http-nio-8080-exec-5] INFO  c.r.r.controller.RewardsController - Received request to fetch rewards for customer: 10AB
2026-06-29 01:09:33.025 [task-10] INFO  c.r.rewards.service.RewardsService - Starting rewards calculation for customer ID: 10AB. Window: 3 months
2026-06-29 01:09:33.027 [task-10] ERROR c.r.rewards.service.RewardsService - Error while calculating rewards for customer 10AB: For input string: "10AB"
java.lang.NumberFormatException: For input string: "10AB"
	at java.base/java.lang.NumberFormatException.forInputString(NumberFormatException.java:67)
	at java.base/java.lang.Long.parseLong(Long.java:709)
	at java.base/java.lang.Long.valueOf(Long.java:1157)
	at com.retail.rewards.service.RewardsService.getRewardsForCustomer(RewardsService.java:106)
	at java.base/jdk.internal.reflect.DirectMethodHandleAccessor.invoke(DirectMethodHandleAccessor.java:103)
	at java.base/java.lang.reflect.Method.invoke(Method.java:580)
	at org.springframework.aop.support.AopUtils.invokeJoinpointUsingReflection(AopUtils.java:359)
	at org.springframework.aop.framework.ReflectiveMethodInvocation.invokeJoinpoint(ReflectiveMethodInvocation.java:190)
	at org.springframework.aop.framework.ReflectiveMethodInvocation.proceed(ReflectiveMethodInvocation.java:158)
	at org.springframework.aop.interceptor.AsyncExecutionInterceptor.lambda$invoke$0(AsyncExecutionInterceptor.java:112)
	at org.springframework.util.concurrent.FutureUtils.lambda$toSupplier$0(FutureUtils.java:74)
	at java.base/java.util.concurrent.CompletableFuture$AsyncSupply.run(CompletableFuture.java:1768)
	at java.base/java.util.concurrent.ThreadPoolExecutor.runWorker(ThreadPoolExecutor.java:1144)
	at java.base/java.util.concurrent.ThreadPoolExecutor$Worker.run(ThreadPoolExecutor.java:642)
	at java.base/java.lang.Thread.run(Thread.java:1583)
2026-06-29 01:10:35.786 [http-nio-8080-exec-6] INFO  c.r.r.controller.RewardsController - Received request to fetch rewards for customer: 102
2026-06-29 01:10:35.788 [task-11] INFO  c.r.rewards.service.RewardsService - Starting rewards calculation for customer ID: 102. Window: 3 months
2026-06-29 01:10:35.794 [task-11] INFO  c.r.r.s.RewardPointsCalculator - calculateRewardPoints...
2026-06-29 01:10:35.795 [task-11] INFO  c.r.r.s.RewardPointsCalculator - calculatePointsForHighThreshold...
2026-06-29 01:10:35.795 [task-11] INFO  c.r.r.s.RewardPointsCalculator - calculatePointsForRange...
2026-06-29 01:10:35.795 [task-11] DEBUG c.r.r.s.RewardPointsCalculator - Calculated 25 points for purchase amount: $75.0
2026-06-29 01:10:35.795 [task-11] INFO  c.r.r.s.RewardPointsCalculator - calculateRewardPoints...
2026-06-29 01:10:35.795 [task-11] INFO  c.r.r.s.RewardPointsCalculator - calculatePointsForHighThreshold...
2026-06-29 01:10:35.795 [task-11] INFO  c.r.r.s.RewardPointsCalculator - calculatePointsForRange...
2026-06-29 01:10:35.795 [task-11] DEBUG c.r.r.s.RewardPointsCalculator - Calculated 40 points for purchase amount: $90.0
2026-06-29 01:10:35.795 [task-11] INFO  c.r.rewards.service.RewardsService - Async DB save operation started for 1 records
2026-06-29 01:10:35.799 [task-11] DEBUG c.r.rewards.service.RewardsService - Saved/Updated reward records for customer ID: 102
2026-06-29 01:10:35.799 [task-11] INFO  c.r.rewards.service.RewardsService - Async DB persistence completed successfully.
2026-06-29 01:34:29.433 [SpringApplicationShutdownHook] INFO  o.s.boot.tomcat.GracefulShutdown - Commencing graceful shutdown. Waiting for active requests to complete
2026-06-29 01:34:29.466 [tomcat-shutdown] INFO  o.s.boot.tomcat.GracefulShutdown - Graceful shutdown complete
2026-06-29 01:34:29.491 [SpringApplicationShutdownHook] INFO  o.s.o.j.LocalContainerEntityManagerFactoryBean - Closing JPA EntityManagerFactory for persistence unit 'default'
2026-06-29 01:34:29.523 [SpringApplicationShutdownHook] INFO  com.zaxxer.hikari.HikariDataSource - HikariPool-1 - Shutdown initiated...
2026-06-29 01:34:29.537 [SpringApplicationShutdownHook] INFO  com.zaxxer.hikari.HikariDataSource - HikariPool-1 - Shutdown completed.
