2026-06-29 00:11:17.801 [main] INFO  c.r.r.RewardsServiceApplicationTests - Starting RewardsServiceApplicationTests using Java 21.0.11 with PID 20052 (started by 91996 in C:\Users\91996\Downloads\rewards-service\rewards-service)
2026-06-29 00:11:17.810 [main] DEBUG c.r.r.RewardsServiceApplicationTests - Running with Spring Boot v4.1.0, Spring v7.0.8
2026-06-29 00:11:17.811 [main] INFO  c.r.r.RewardsServiceApplicationTests - No active profile set, falling back to 1 default profile: "default"
2026-06-29 00:11:18.557 [background-preinit] INFO  o.h.validator.internal.util.Version - HV000001: Hibernate Validator 9.1.0.Final
2026-06-29 00:11:19.110 [main] INFO  o.s.d.r.c.RepositoryConfigurationDelegate - Bootstrapping Spring Data JPA repositories in DEFAULT mode.
2026-06-29 00:11:19.216 [main] INFO  o.s.d.r.c.RepositoryConfigurationDelegate - Finished Spring Data repository scanning in 90 ms. Found 3 JPA repository interfaces.
2026-06-29 00:11:21.428 [main] INFO  org.hibernate.orm.jpa - HHH008540: Processing PersistenceUnitInfo [name: default]
2026-06-29 00:11:21.595 [main] INFO  org.hibernate.orm.core - HHH000001: Hibernate ORM core version 7.4.1.Final
2026-06-29 00:11:22.126 [main] INFO  o.s.o.j.p.SpringPersistenceUnitInfo - No LoadTimeWeaver setup: ignoring JPA class transformer
2026-06-29 00:11:22.181 [main] INFO  com.zaxxer.hikari.HikariDataSource - HikariPool-1 - Starting...
2026-06-29 00:11:22.451 [main] INFO  com.zaxxer.hikari.pool.HikariPool - HikariPool-1 - Added connection conn0: url=jdbc:h2:mem:rewardsdb user=SA
2026-06-29 00:11:22.453 [main] INFO  com.zaxxer.hikari.HikariDataSource - HikariPool-1 - Start completed.
2026-06-29 00:11:22.496 [main] WARN  org.hibernate.orm.deprecation - HHH90000025: H2Dialect does not need to be specified explicitly using 'hibernate.dialect' (remove the property setting and it will be selected by default)
2026-06-29 00:11:22.530 [main] INFO  o.hibernate.orm.connections.pooling - HHH10001005: Database info:
	Database JDBC URL [jdbc:h2:mem:rewardsdb]
	Database driver: H2 JDBC Driver
	Database dialect: H2Dialect
	Database version: 2.4.240
	Default catalog/schema: REWARDSDB/PUBLIC
	Autocommit mode: undefined/unknown
	Isolation level: READ_COMMITTED [default READ_COMMITTED]
	JDBC fetch size: 100
	Pool: DataSourceConnectionProvider
	Minimum pool size: undefined/unknown
	Maximum pool size: undefined/unknown
2026-06-29 00:11:23.718 [main] INFO  org.hibernate.orm.core - HHH000489: No JTA platform available (set 'hibernate.transaction.jta.platform' to enable JTA platform integration)
2026-06-29 00:11:23.805 [main] INFO  o.s.o.j.LocalContainerEntityManagerFactoryBean - Initialized JPA EntityManagerFactory for persistence unit 'default'
2026-06-29 00:11:24.280 [main] WARN  o.s.b.j.a.JpaBaseConfiguration$JpaWebConfiguration - spring.jpa.open-in-view is enabled by default. Therefore, database queries may be performed during view rendering. Explicitly configure spring.jpa.open-in-view to disable this warning
2026-06-29 00:11:25.388 [main] INFO  o.s.d.j.r.q.QueryEnhancerFactories - Hibernate is in classpath; If applicable, HQL parser will be used.
2026-06-29 00:11:25.584 [main] INFO  o.s.b.h.a.H2ConsoleAutoConfiguration - H2 console available at '/h2-console'. Database available at 'jdbc:h2:mem:rewardsdb'
2026-06-29 00:11:25.832 [main] INFO  c.r.r.RewardsServiceApplicationTests - Started RewardsServiceApplicationTests in 8.743 seconds (process running for 11.147)
2026-06-29 00:11:25.836 [main] WARN  o.s.c.events.SpringDocAppInitializer - SpringDoc /v3/api-docs endpoint is enabled by default. To disable it in production, set the property 'springdoc.api-docs.enabled=false'
2026-06-29 00:11:25.838 [main] WARN  o.s.c.events.SpringDocAppInitializer - SpringDoc /swagger-ui.html endpoint is enabled by default. To disable it in production, set the property 'springdoc.swagger-ui.enabled=false'
2026-06-29 00:11:25.958 [task-1] INFO  c.r.rewards.service.RewardsService - Starting rewards calculation for all customers. Rolling window: 3 months
2026-06-29 00:11:25.964 [task-1] DEBUG c.r.rewards.service.RewardsService - Filtering purchases with cutoff date: 2026-04-01
2026-06-29 00:11:25.967 [task-1] INFO  c.r.r.s.RewardPointsCalculator - calculateRewardPoints...
2026-06-29 00:11:25.967 [task-1] INFO  c.r.r.s.RewardPointsCalculator - calculatePointsForHighThreshold...
2026-06-29 00:11:25.967 [task-1] INFO  c.r.r.s.RewardPointsCalculator - calculatePointsForRange...
2026-06-29 00:11:25.967 [task-1] DEBUG c.r.r.s.RewardPointsCalculator - Calculated 90 points for purchase amount: $120.0
2026-06-29 00:11:25.969 [task-1] INFO  c.r.rewards.service.RewardsService - Successfully generated reward reports for 1 customers. Triggering async DB save.
2026-06-29 00:11:25.970 [task-1] INFO  c.r.rewards.service.RewardsService - Async DB save operation started for 1 records
2026-06-29 00:11:25.974 [task-1] DEBUG c.r.rewards.service.RewardsService - Saved/Updated reward records for customer ID: 101
2026-06-29 00:11:25.975 [task-1] INFO  c.r.rewards.service.RewardsService - Async DB persistence completed successfully.
2026-06-29 00:11:26.005 [task-2] INFO  c.r.rewards.service.RewardsService - Starting rewards calculation for all customers. Rolling window: 3 months
2026-06-29 00:11:26.006 [task-2] DEBUG c.r.rewards.service.RewardsService - Filtering purchases with cutoff date: 2026-04-01
2026-06-29 00:11:26.007 [task-2] INFO  c.r.r.s.RewardPointsCalculator - calculateRewardPoints...
2026-06-29 00:11:26.007 [task-2] INFO  c.r.r.s.RewardPointsCalculator - calculatePointsForHighThreshold...
2026-06-29 00:11:26.007 [task-2] INFO  c.r.r.s.RewardPointsCalculator - calculatePointsForRange...
2026-06-29 00:11:26.007 [task-2] DEBUG c.r.r.s.RewardPointsCalculator - Calculated 70 points for purchase amount: $110.0
2026-06-29 00:11:26.008 [task-2] INFO  c.r.rewards.service.RewardsService - Successfully generated reward reports for 1 customers. Triggering async DB save.
2026-06-29 00:11:26.008 [task-2] INFO  c.r.rewards.service.RewardsService - Async DB save operation started for 1 records
2026-06-29 00:11:26.009 [task-2] DEBUG c.r.rewards.service.RewardsService - Saved/Updated reward records for customer ID: 103
2026-06-29 00:11:26.009 [task-2] INFO  c.r.rewards.service.RewardsService - Async DB persistence completed successfully.
2026-06-29 00:11:26.026 [main] INFO  c.r.r.s.RewardPointsCalculator - calculatePointsForHighThreshold...
2026-06-29 00:11:26.040 [task-3] INFO  c.r.rewards.service.RewardsService - Starting rewards calculation for all customers. Rolling window: 3 months
2026-06-29 00:11:26.041 [task-3] DEBUG c.r.rewards.service.RewardsService - Filtering purchases with cutoff date: 2026-04-01
2026-06-29 00:11:26.041 [task-3] INFO  c.r.rewards.service.RewardsService - Successfully generated reward reports for 0 customers. Triggering async DB save.
2026-06-29 00:11:26.042 [task-3] WARN  c.r.rewards.service.RewardsService - Empty points map provided to async DB save task. Aborting.
2026-06-29 00:11:26.053 [main] INFO  c.r.r.s.RewardPointsCalculator - calculatePointsForRange...
2026-06-29 00:11:26.065 [task-4] INFO  c.r.rewards.service.RewardsService - Starting rewards calculation for all customers. Rolling window: 3 months
2026-06-29 00:11:26.066 [task-4] DEBUG c.r.rewards.service.RewardsService - Filtering purchases with cutoff date: 2026-04-01
2026-06-29 00:11:26.066 [task-4] INFO  c.r.r.s.RewardPointsCalculator - calculateRewardPoints...
2026-06-29 00:11:26.067 [task-4] INFO  c.r.r.s.RewardPointsCalculator - calculatePointsForHighThreshold...
2026-06-29 00:11:26.067 [task-4] INFO  c.r.r.s.RewardPointsCalculator - calculatePointsForRange...
2026-06-29 00:11:26.067 [task-4] DEBUG c.r.r.s.RewardPointsCalculator - Calculated 0 points for purchase amount: $50.0
2026-06-29 00:11:26.067 [task-4] INFO  c.r.rewards.service.RewardsService - Successfully generated reward reports for 1 customers. Triggering async DB save.
2026-06-29 00:11:26.067 [task-4] INFO  c.r.rewards.service.RewardsService - Async DB save operation started for 1 records
2026-06-29 00:11:26.067 [task-4] DEBUG c.r.rewards.service.RewardsService - Saved/Updated reward records for customer ID: 105
2026-06-29 00:11:26.068 [task-4] INFO  c.r.rewards.service.RewardsService - Async DB persistence completed successfully.
2026-06-29 00:11:26.086 [SpringApplicationShutdownHook] INFO  o.s.o.j.LocalContainerEntityManagerFactoryBean - Closing JPA EntityManagerFactory for persistence unit 'default'
2026-06-29 00:11:26.091 [SpringApplicationShutdownHook] INFO  com.zaxxer.hikari.HikariDataSource - HikariPool-1 - Shutdown initiated...
2026-06-29 00:11:26.095 [SpringApplicationShutdownHook] INFO  com.zaxxer.hikari.HikariDataSource - HikariPool-1 - Shutdown completed.
